1594367454592:echo -N dafuq
1594367460542:sdfsa
1594367477552:echo -N dafuq
1594368922529:start
1594368925463:ulu
1594373056440:exit
1594373089966:start
1594376966325:1
1594379386157:start
1594613040206:ulu
1594613045160:asdfadsasd
1594613090859:exit
1594613122305:start
1594613127142:12321
1594613129745:2331
1594613134434:exit
1594620502519:1234
1594620505706:start
1594620508690:1234
1594620511161:5555
1594620516874:3
1594620550809:exit
1594620576641:start
1594620579264:1234
1594620585682:3
1594620592663:1234
1594620595811:2
1594620834651:start
1594620840079:1234
1594621864517:123213
1594621867491:start
1594621870280:12321321
1594621871570:2321
1594621878869:123456
1594622612599:112233
1594622614656:start
1594622639705:112233
1594622647209:012108
1594622655828:1
1594622658631:5
1594623802434:start
1594623806497:112233
1594623815370:012108
1594623817705:1
1594623821155:5
1594623903805:start
1594623908190:112233
1594623912064:012108
1594623992428:start
1594623999137:112233
1594624003113:012108
1594624006916:1
1594624014772:5
1594624259187:start
1594624263224:112233
1594624268112:012108
1594624269900:1
1594625806486:start
1594625809366:112233
1594625814295:012108
1594625816098:1
1594626077575:start
1594626080763:112233
1594626083710:012108
1594626085359:1
1594626207477:start
1594626213634:112233
1594626216517:012108
1594626218403:1
1594626239036:`
1594626242148:start
1594626243285:1
1594626250003:112233
1594626253648:012108
1594626255050:1
1594626819283:start
1594626823392:112233
1594626825724:012108
1594626827824:1
1594626829723:5
1594626909817:start
1594626912925:112233
1594626915756:012108
1594626917045:1
1594626918370:5
1594626919675:1
1594626920902:5
1594626922104:1
1594626928483:2
1594627292527:112233
1594627295805:012108
1594627297672:1
1594627543024:start
1594627546156:112233
1594627550743:012108
1594627552446:1
1594627562402:2
1594633784336:start
1594633787601:112233
1594633790051:012108
1594633793099:3
1594633795708:112233
1594633800705:012108
1594633803991:1
1594633810407:5
1594634339743:start
1594634342943:112233
1594634345105:012108
1594634347821:1
1594634355817:2
1594634360358:112233
1594634363115:012108
1594634367121:1
1594634369199:5
1594634514831:start
1594634517151:112233
1594634519344:012108
1594634520862:1
1594634522598:5
1594636633287:start
1594636639477:112233
1594636642262:012108
1594636645040:1
1594636648109:2
1594636836890:start
1594636840375:112233
1594636842942:012108
1594636845896:1
1594636850446:2
1594637056763:start
1594637064315:112233
1594637066861:012108
1594637068351:1
1594637088580:2
1594637092871:112233
1594637096390:012108
1594637097745:1
1594637111060:3
1594689833841:start
1594693992467:112233
1594693997280:012108
1594694000215:1
1594694011179:3
1594694174551:start
1594694177853:112233
1594694180470:012108
1594694181612:1
1594694188818:3
1594694191769:1
1594694194351:3
1594704460918:start
1594704464706:112233
1594704472655:012108
1594704475302:1
1594704552019:start
1594704554223:112233
1594704556626:012108
1594704557995:1
1594704579130:3
1594704581715:112233
1594704583653:012108
1594704586139:2
1594704624208:112244
1594704650076:50
1594706951539:start
1594706956347:112233
1594706959801:012108
1594706961585:1
1594706967929:2
1594706972350:112244
1594706979226:10
1594709000066:start
1594709004689:112233
1594709009012:012108
1594709011733:2
1594709025436:112244
1594709030348:10
1594709147025:start
1594709151397:112233
1594709157587:012108
1594709159143:2
1594709168255:112244
1594709170536:10
1594709186307:1
1594709192986:start
1594709196716:112233
1594709198935:012108
1594709200357:2
1594709205451:112244
1594709208715:50
1594709224844:2
1594709888733:start
1594709893550:112233
1594709897309:012108
1594709898808:2
1594839878811:start
1594839882084:112233
1594839900584:012108
1594839901878:1
1594839905121:5
1594839906452:1
1594839928704:4
1594839934170:50
1594839956425:1
1594840271899:start
1594840276510:112233
1594840280408:012108
1594840282591:1
1594840285557:4
1594840289069:50
1594840365850:start
1594840369465:112233
1594840374035:012108
1594840376356:1
1594840380119:4
1594840383773:50
1594840385639:1
1594840657403:start
1594840660671:112233
1594840664725:012108
1594840834328:1
1594840890708:start
1594840892835:112233
1594840896153:012108
1594840898045:1
1594840955356:start
1594840959421:112233
1594840962794:012108
1594840964480:2
1594869688166:start
1594869691762:112233
1594870183842:012108
1594870185329:1
1594870186813:5
1594870188794:3
1594870190752:start
1594870194203:112233
1594870197621:012108
1594870198722:2
1594870212983:112244
1594870216992:40
1594870222123:1
1594870378846:start
1594870382376:112233
1594870386799:012108
1594870390044:2
1594871935370:start
1594871938568:112233
1594871940491:012108
1594871942699:2
1594871950763:1
1594871980193:start
1594871982343:112233
1594871984650:012108
1594871989006:2
1594872160686:start
1594872162584:112233
1594872164589:012108
1594872165565:2
1594872336249:start
1594872339084:112233
1594872341757:012108
1594872343364:2
1594873856875:start
1594873859652:112233
1594873862140:012108
1594873866373:2
1594873926716:112244
1594873929643:50
1594874057498:start
1594874061131:112233
1594874063992:012108
1594874065180:2
1594874072081:112244
1594874075862:50
1594874142516:start
1594874144957:112244
1594874152513:start
1594874157128:112233
1594874160357:012108
1594874161508:2
1594874166337:112244
1594874168609:50
1594874171747:1
1594877563586:start
1594878528819:112233
1594878532005:012108
1594878533415:2
1594878539775:112244
1594878541421:50
1594878546258:1
1594878551320:5
1594878552421:2
1594878556560:112244
1594878557769:30
1594878560087:2
1594878576527:1
1594878585278:2
1594878589934:112233
1594878608093:start
1594878612402:112233
1594878616092:012108
1594878617734:1
1594878620088:2
1594878622594:1
1594878623548:2
1594878626801:112244
1594878634357:30
1594878637544:1
1594878642272:2
1594878648672:112244
1594878653778:10
1594878662176:2
1594878669741:112244
1594878685158:10
1594878688640:1
1594878697915:2
1594878702122:4
1594878704992:50
1594878707853:35
1594878896643:start
1594878904243:112233
1594878906863:012108
1594878910226:1
1594878913078:4
1594878914620:120
1594878921642:75
1594878927647:100
1594878930558:1
1594878931861:2
1594878934915:112244
1594878939584:10
1594878946949:3
1594878950207:start
1594878953903:112233
1594878959223:012108
1594878961847:2
1594878965358:112244
1594878967433:50
1594878988620:start
1594878990970:112233
1594878994470:012108
1594878995949:2
1594879001066:112244
1594879007289:100
1594879011286:1
1594879013213:2
1594879016922:112244
1594879033185:932012
1594879040709:1
1594973058309:start
1594973062272:112233
1594975168002:start
1594975187666:112233
1594975193074:1
1594975199059:2
1594975200576:3
1594975395104:start
1594975397272:112233
1594975401135:1
1594975565638:start
1594975568212:112233
1594975572298:1
1594979457729:start
1594979461044:112233
1594979464943:1
1594979469926:3
1594979590848:start
1594979593820:112233
1594979601134:1
1594979603339:2
1594979605711:1
1594979607307:3
1595183643225:start
1595183645196:112233
1595183649906:1
1595183655147:3
1595183732766:1
1595183742113:3
1595183803820:1
1595183805645:4
1595183807017:50
1595183809726:1
1595183812253:3
1595186661702:CCCC
1595186787991:start
1595186790466:112233
1595186794012:1
1595186807130:3
1595186817637:1
1595186818654:3
1595187028594:start
1595187031442:112233
1595187034518:1
1595187045484:3
1595187051649:5
1595187054197:3
1595187139379:start
1595187142096:112233
1595187147575:2
1595187151932:112233
1595187168845:start
1595187170629:112233
1595187180039:2
1595187183580:112244
1595187190807:50
1595187194589:1
1595187200871:3
1595187209136:112244
1595187224861:start
1595187229884:112233
1595187232598:3
1595187234544:4
1595188965450:start
1595188968573:112233
1595188971619:1
1595188976554:2
1595188982121:112233
1595188989659:4
1595189059435:start
1595189061466:112233
1595189065374:1
1595189067961:3
1595189069969:2
1595189074472:112233
1595189079057:4
1595189229110:start
1595189231206:112233
1595189233659:1
1595189235496:5
1595189238953:4
1595189280255:start
1595189282610:112233
1595189285694:1
1595189289874:4
1595190232734:start
1595190234917:112233
1595190237852:1
1595190240468:3
1595190243587:2
